<?xml version="1.0" encoding="UTF-8"?>
<coverage generated="1661152577931" clover="3.2.0">
  <project timestamp="1661152577932" name="All files">
    <metrics statements="300" coveredstatements="273" conditionals="77" coveredconditionals="54" methods="23" coveredmethods="16" elements="400" coveredelements="343" complexity="0" loc="300" ncloc="300" packages="2" files="8" classes="8"/>
    <package name="models">
      <metrics statements="270" coveredstatements="243" conditionals="73" coveredconditionals="50" methods="21" coveredmethods="14"/>
      <file name="JunqiBoard.ts" path="C:\Users\antho\OneDrive\Documents\junqi-server\models\JunqiBoard.ts">
        <metrics statements="248" coveredstatements="224" conditionals="68" coveredconditionals="48" methods="11" coveredmethods="6"/>
        <line num="4" count="1" type="stmt"/>
        <line num="5" count="1" type="stmt"/>
        <line num="7" count="1" type="stmt"/>
        <line num="9" count="1" type="stmt"/>
        <line num="11" count="1" type="stmt"/>
        <line num="15" count="11" type="cond" truecount="1" falsecount="1"/>
        <line num="18" count="0" type="stmt"/>
        <line num="23" count="29" type="cond" truecount="0" falsecount="1"/>
        <line num="24" count="29" type="cond" truecount="0" falsecount="1"/>
        <line num="26" count="29" type="stmt"/>
        <line num="27" count="29" type="stmt"/>
        <line num="29" count="29" type="cond" truecount="4" falsecount="0"/>
        <line num="30" count="3" type="stmt"/>
        <line num="31" count="26" type="cond" truecount="3" falsecount="0"/>
        <line num="32" count="3" type="stmt"/>
        <line num="35" count="23" type="cond" truecount="2" falsecount="0"/>
        <line num="37" count="9" type="cond" truecount="2" falsecount="0"/>
        <line num="38" count="2" type="cond" truecount="3" falsecount="0"/>
        <line num="39" count="7" type="cond" truecount="1" falsecount="0"/>
        <line num="40" count="2" type="cond" truecount="3" falsecount="0"/>
        <line num="43" count="5" type="cond" truecount="2" falsecount="0"/>
        <line num="44" count="3" type="cond" truecount="2" falsecount="0"/>
        <line num="45" count="2" type="cond" truecount="1" falsecount="0"/>
        <line num="46" count="2" type="cond" truecount="2" falsecount="0"/>
        <line num="49" count="0" type="cond" truecount="0" falsecount="2"/>
        <line num="50" count="0" type="stmt"/>
        <line num="52" count="0" type="cond" truecount="0" falsecount="1"/>
        <line num="53" count="0" type="stmt"/>
        <line num="56" count="14" type="cond" truecount="1" falsecount="0"/>
        <line num="59" count="14" type="cond" truecount="1" falsecount="1"/>
        <line num="60" count="0" type="cond" truecount="0" falsecount="3"/>
        <line num="61" count="14" type="cond" truecount="1" falsecount="0"/>
        <line num="62" count="1" type="cond" truecount="3" falsecount="0"/>
        <line num="65" count="13" type="cond" truecount="2" falsecount="0"/>
        <line num="66" count="6" type="cond" truecount="2" falsecount="0"/>
        <line num="67" count="7" type="cond" truecount="0" falsecount="1"/>
        <line num="68" count="0" type="cond" truecount="0" falsecount="2"/>
        <line num="71" count="7" type="cond" truecount="2" falsecount="0"/>
        <line num="72" count="3" type="stmt"/>
        <line num="74" count="4" type="cond" truecount="1" falsecount="0"/>
        <line num="75" count="1" type="stmt"/>
        <line num="80" count="3" type="stmt"/>
        <line num="84" count="239" type="cond" truecount="3" falsecount="0"/>
        <line num="85" count="233" type="cond" truecount="3" falsecount="0"/>
        <line num="86" count="231" type="stmt"/>
        <line num="90" count="5" type="cond" truecount="1" falsecount="0"/>
        <line num="91" count="1" type="stmt"/>
        <line num="96" count="176" type="cond" truecount="1" falsecount="0"/>
        <line num="97" count="172" type="stmt"/>
        <line num="101" count="0" type="cond" truecount="0" falsecount="1"/>
        <line num="102" count="0" type="cond" truecount="0" falsecount="1"/>
        <line num="104" count="0" type="cond" truecount="0" falsecount="1"/>
        <line num="105" count="0" type="stmt"/>
        <line num="109" count="0" type="stmt"/>
        <line num="113" count="0" type="cond" truecount="0" falsecount="1"/>
        <line num="115" count="0" type="cond" truecount="0" falsecount="1"/>
        <line num="116" count="0" type="stmt"/>
        <line num="117" count="0" type="stmt"/>
        <line num="126" count="0" type="cond" truecount="0" falsecount="1"/>
        <line num="128" count="0" type="stmt"/>
        <line num="130" count="0" type="stmt"/>
        <line num="131" count="0" type="stmt"/>
        <line num="133" count="0" type="stmt"/>
        <line num="137" count="0" type="cond" truecount="0" falsecount="1"/>
        <line num="139" count="0" type="stmt"/>
        <line num="143" count="0" type="stmt"/>
        <line num="151" count="11" type="stmt"/>
        <line num="152" count="11" type="stmt"/>
        <line num="153" count="11" type="stmt"/>
        <line num="154" count="11" type="stmt"/>
        <line num="155" count="11" type="stmt"/>
        <line num="156" count="11" type="stmt"/>
        <line num="158" count="11" type="stmt"/>
        <line num="159" count="11" type="stmt"/>
        <line num="160" count="11" type="stmt"/>
        <line num="161" count="11" type="stmt"/>
        <line num="162" count="11" type="stmt"/>
        <line num="163" count="11" type="stmt"/>
        <line num="165" count="11" type="stmt"/>
        <line num="166" count="11" type="stmt"/>
        <line num="167" count="11" type="stmt"/>
        <line num="168" count="11" type="stmt"/>
        <line num="169" count="11" type="stmt"/>
        <line num="170" count="11" type="stmt"/>
        <line num="172" count="11" type="stmt"/>
        <line num="173" count="11" type="stmt"/>
        <line num="174" count="11" type="stmt"/>
        <line num="175" count="11" type="stmt"/>
        <line num="176" count="11" type="stmt"/>
        <line num="177" count="11" type="stmt"/>
        <line num="179" count="11" type="stmt"/>
        <line num="180" count="11" type="stmt"/>
        <line num="181" count="11" type="stmt"/>
        <line num="182" count="11" type="stmt"/>
        <line num="183" count="11" type="stmt"/>
        <line num="184" count="11" type="stmt"/>
        <line num="188" count="11" type="stmt"/>
        <line num="189" count="11" type="stmt"/>
        <line num="190" count="11" type="stmt"/>
        <line num="191" count="11" type="stmt"/>
        <line num="192" count="11" type="stmt"/>
        <line num="193" count="11" type="stmt"/>
        <line num="195" count="11" type="stmt"/>
        <line num="196" count="11" type="stmt"/>
        <line num="197" count="11" type="stmt"/>
        <line num="198" count="11" type="stmt"/>
        <line num="199" count="11" type="stmt"/>
        <line num="200" count="11" type="stmt"/>
        <line num="202" count="11" type="stmt"/>
        <line num="203" count="11" type="stmt"/>
        <line num="204" count="11" type="stmt"/>
        <line num="205" count="11" type="stmt"/>
        <line num="206" count="11" type="stmt"/>
        <line num="207" count="11" type="stmt"/>
        <line num="209" count="11" type="stmt"/>
        <line num="210" count="11" type="stmt"/>
        <line num="211" count="11" type="stmt"/>
        <line num="212" count="11" type="stmt"/>
        <line num="213" count="11" type="stmt"/>
        <line num="214" count="11" type="stmt"/>
        <line num="216" count="11" type="stmt"/>
        <line num="217" count="11" type="stmt"/>
        <line num="218" count="11" type="stmt"/>
        <line num="219" count="11" type="stmt"/>
        <line num="220" count="11" type="stmt"/>
        <line num="221" count="11" type="stmt"/>
        <line num="224" count="11" type="stmt"/>
        <line num="239" count="11" type="stmt"/>
        <line num="240" count="11" type="stmt"/>
        <line num="241" count="11" type="stmt"/>
        <line num="242" count="11" type="stmt"/>
        <line num="243" count="11" type="stmt"/>
        <line num="244" count="11" type="stmt"/>
        <line num="245" count="11" type="stmt"/>
        <line num="246" count="11" type="stmt"/>
        <line num="247" count="11" type="stmt"/>
        <line num="248" count="11" type="stmt"/>
        <line num="251" count="11" type="stmt"/>
        <line num="252" count="11" type="stmt"/>
        <line num="253" count="11" type="stmt"/>
        <line num="254" count="11" type="stmt"/>
        <line num="255" count="11" type="stmt"/>
        <line num="256" count="11" type="stmt"/>
        <line num="257" count="11" type="stmt"/>
        <line num="258" count="11" type="stmt"/>
        <line num="259" count="11" type="stmt"/>
        <line num="260" count="11" type="stmt"/>
        <line num="263" count="11" type="stmt"/>
        <line num="264" count="11" type="stmt"/>
        <line num="265" count="11" type="stmt"/>
        <line num="266" count="11" type="stmt"/>
        <line num="267" count="11" type="stmt"/>
        <line num="268" count="11" type="stmt"/>
        <line num="269" count="11" type="stmt"/>
        <line num="270" count="11" type="stmt"/>
        <line num="271" count="11" type="stmt"/>
        <line num="272" count="11" type="stmt"/>
        <line num="275" count="11" type="stmt"/>
        <line num="276" count="11" type="stmt"/>
        <line num="277" count="11" type="stmt"/>
        <line num="278" count="11" type="stmt"/>
        <line num="279" count="11" type="stmt"/>
        <line num="280" count="11" type="stmt"/>
        <line num="281" count="11" type="stmt"/>
        <line num="282" count="11" type="stmt"/>
        <line num="283" count="11" type="stmt"/>
        <line num="284" count="11" type="stmt"/>
        <line num="287" count="11" type="stmt"/>
        <line num="288" count="11" type="stmt"/>
        <line num="289" count="11" type="stmt"/>
        <line num="290" count="11" type="stmt"/>
        <line num="291" count="11" type="stmt"/>
        <line num="292" count="11" type="stmt"/>
        <line num="293" count="11" type="stmt"/>
        <line num="294" count="11" type="stmt"/>
        <line num="295" count="11" type="stmt"/>
        <line num="296" count="11" type="stmt"/>
        <line num="299" count="11" type="stmt"/>
        <line num="300" count="11" type="stmt"/>
        <line num="301" count="11" type="stmt"/>
        <line num="302" count="11" type="stmt"/>
        <line num="303" count="11" type="stmt"/>
        <line num="304" count="11" type="stmt"/>
        <line num="305" count="11" type="stmt"/>
        <line num="306" count="11" type="stmt"/>
        <line num="307" count="11" type="stmt"/>
        <line num="308" count="11" type="stmt"/>
        <line num="311" count="11" type="stmt"/>
        <line num="312" count="11" type="stmt"/>
        <line num="313" count="11" type="stmt"/>
        <line num="314" count="11" type="stmt"/>
        <line num="315" count="11" type="stmt"/>
        <line num="316" count="11" type="stmt"/>
        <line num="317" count="11" type="stmt"/>
        <line num="318" count="11" type="stmt"/>
        <line num="319" count="11" type="stmt"/>
        <line num="320" count="11" type="stmt"/>
        <line num="322" count="11" type="stmt"/>
        <line num="323" count="11" type="stmt"/>
        <line num="324" count="11" type="stmt"/>
        <line num="325" count="11" type="stmt"/>
        <line num="326" count="11" type="stmt"/>
        <line num="327" count="11" type="stmt"/>
        <line num="328" count="11" type="stmt"/>
        <line num="329" count="11" type="stmt"/>
        <line num="330" count="11" type="stmt"/>
        <line num="331" count="11" type="stmt"/>
        <line num="333" count="11" type="stmt"/>
        <line num="334" count="11" type="stmt"/>
        <line num="335" count="11" type="stmt"/>
        <line num="336" count="11" type="stmt"/>
        <line num="337" count="11" type="stmt"/>
        <line num="338" count="11" type="stmt"/>
        <line num="339" count="11" type="stmt"/>
        <line num="340" count="11" type="stmt"/>
        <line num="341" count="11" type="stmt"/>
        <line num="342" count="11" type="stmt"/>
        <line num="344" count="11" type="stmt"/>
        <line num="345" count="11" type="stmt"/>
        <line num="346" count="11" type="stmt"/>
        <line num="347" count="11" type="stmt"/>
        <line num="348" count="11" type="stmt"/>
        <line num="349" count="11" type="stmt"/>
        <line num="350" count="11" type="stmt"/>
        <line num="351" count="11" type="stmt"/>
        <line num="352" count="11" type="stmt"/>
        <line num="353" count="11" type="stmt"/>
        <line num="355" count="11" type="stmt"/>
        <line num="356" count="11" type="stmt"/>
        <line num="357" count="11" type="stmt"/>
        <line num="358" count="11" type="stmt"/>
        <line num="359" count="11" type="stmt"/>
        <line num="360" count="11" type="stmt"/>
        <line num="361" count="11" type="stmt"/>
        <line num="362" count="11" type="stmt"/>
        <line num="363" count="11" type="stmt"/>
        <line num="364" count="11" type="stmt"/>
        <line num="366" count="11" type="stmt"/>
        <line num="367" count="11" type="stmt"/>
        <line num="368" count="11" type="stmt"/>
        <line num="369" count="11" type="stmt"/>
        <line num="370" count="11" type="stmt"/>
        <line num="371" count="11" type="stmt"/>
        <line num="372" count="11" type="stmt"/>
        <line num="373" count="11" type="stmt"/>
        <line num="374" count="11" type="stmt"/>
        <line num="375" count="11" type="stmt"/>
        <line num="381" count="11" type="stmt"/>
      </file>
      <file name="Piece.ts" path="C:\Users\antho\OneDrive\Documents\junqi-server\models\Piece.ts">
        <metrics statements="5" coveredstatements="3" conditionals="3" coveredconditionals="0" methods="2" coveredmethods="1"/>
        <line num="4" count="1" type="stmt"/>
        <line num="6" count="684" type="stmt"/>
        <line num="7" count="684" type="stmt"/>
        <line num="14" count="0" type="cond" truecount="0" falsecount="1"/>
        <line num="15" count="0" type="cond" truecount="0" falsecount="2"/>
      </file>
      <file name="Position.ts" path="C:\Users\antho\OneDrive\Documents\junqi-server\models\Position.ts">
        <metrics statements="3" coveredstatements="3" conditionals="0" coveredconditionals="0" methods="1" coveredmethods="1"/>
        <line num="1" count="1" type="stmt"/>
        <line num="6" count="181" type="stmt"/>
        <line num="7" count="181" type="stmt"/>
      </file>
      <file name="Tile.ts" path="C:\Users\antho\OneDrive\Documents\junqi-server\models\Tile.ts">
        <metrics statements="14" coveredstatements="13" conditionals="2" coveredconditionals="2" methods="7" coveredmethods="6"/>
        <line num="4" count="1" type="stmt"/>
        <line num="12" count="660" type="stmt"/>
        <line num="13" count="660" type="stmt"/>
        <line num="14" count="660" type="stmt"/>
        <line num="15" count="660" type="stmt"/>
        <line num="19" count="1" type="stmt"/>
        <line num="23" count="0" type="stmt"/>
        <line num="27" count="172" type="stmt"/>
        <line num="31" count="660" type="stmt"/>
        <line num="35" count="660" type="stmt"/>
        <line num="40" count="1" type="cond" truecount="2" falsecount="0"/>
        <line num="41" count="1" type="stmt"/>
        <line num="42" count="1" type="stmt"/>
        <line num="43" count="1" type="stmt"/>
      </file>
    </package>
    <package name="models.interfaces">
      <metrics statements="30" coveredstatements="30" conditionals="4" coveredconditionals="4" methods="2" coveredmethods="2"/>
      <file name="IBoard.ts" path="C:\Users\antho\OneDrive\Documents\junqi-server\models\interfaces\IBoard.ts">
        <metrics statements="3" coveredstatements="3" conditionals="0" coveredconditionals="0" methods="0" coveredmethods="0"/>
        <line num="2" count="1" type="stmt"/>
        <line num="4" count="1" type="stmt"/>
        <line num="22" count="1" type="stmt"/>
      </file>
      <file name="IJunqiGame.ts" path="C:\Users\antho\OneDrive\Documents\junqi-server\models\interfaces\IJunqiGame.ts">
        <metrics statements="8" coveredstatements="8" conditionals="2" coveredconditionals="2" methods="1" coveredmethods="1"/>
        <line num="3" count="1" type="stmt"/>
        <line num="4" count="1" type="stmt"/>
        <line num="23" count="1" type="stmt"/>
        <line num="31" count="1" type="stmt"/>
        <line num="33" count="1" type="cond" truecount="2" falsecount="0"/>
        <line num="34" count="1" type="stmt"/>
        <line num="35" count="1" type="stmt"/>
        <line num="36" count="1" type="stmt"/>
      </file>
      <file name="IPiece.ts" path="C:\Users\antho\OneDrive\Documents\junqi-server\models\interfaces\IPiece.ts">
        <metrics statements="16" coveredstatements="16" conditionals="2" coveredconditionals="2" methods="1" coveredmethods="1"/>
        <line num="2" count="1" type="stmt"/>
        <line num="11" count="1" type="cond" truecount="2" falsecount="0"/>
        <line num="12" count="1" type="stmt"/>
        <line num="13" count="1" type="stmt"/>
        <line num="14" count="1" type="stmt"/>
        <line num="15" count="1" type="stmt"/>
        <line num="16" count="1" type="stmt"/>
        <line num="17" count="1" type="stmt"/>
        <line num="18" count="1" type="stmt"/>
        <line num="19" count="1" type="stmt"/>
        <line num="20" count="1" type="stmt"/>
        <line num="21" count="1" type="stmt"/>
        <line num="22" count="1" type="stmt"/>
        <line num="23" count="1" type="stmt"/>
        <line num="24" count="1" type="stmt"/>
        <line num="27" count="1" type="stmt"/>
      </file>
      <file name="ITile.ts" path="C:\Users\antho\OneDrive\Documents\junqi-server\models\interfaces\ITile.ts">
        <metrics statements="3" coveredstatements="3" conditionals="0" coveredconditionals="0" methods="0" coveredmethods="0"/>
        <line num="2" count="1" type="stmt"/>
        <line num="3" count="1" type="stmt"/>
        <line num="14" count="1" type="stmt"/>
      </file>
    </package>
  </project>
</coverage>
