{"C:\\Users\\antho\\OneDrive\\Documents\\junqi-server\\models\\JunqiBoard.ts": {"path":"C:\\Users\\antho\\OneDrive\\Documents\\junqi-server\\models\\JunqiBoard.ts","statementMap":{"0":{"start":{"line":4,"column":0},"end":{"line":4,"column":47}},"1":{"start":{"line":5,"column":0},"end":{"line":5,"column":51}},"2":{"start":{"line":7,"column":0},"end":{"line":7,"column":31}},"3":{"start":{"line":9,"column":0},"end":{"line":9,"column":40}},"4":{"start":{"line":15,"column":8},"end":{"line":19,"column":null}},"5":{"start":{"line":15,"column":25},"end":{"line":15,"column":57}},"6":{"start":{"line":18,"column":12},"end":{"line":18,"column":44}},"7":{"start":{"line":23,"column":8},"end":{"line":23,"column":90}},"8":{"start":{"line":23,"column":38},"end":{"line":23,"column":90}},"9":{"start":{"line":24,"column":8},"end":{"line":24,"column":90}},"10":{"start":{"line":24,"column":38},"end":{"line":24,"column":90}},"11":{"start":{"line":26,"column":21},"end":{"line":26,"column":42}},"12":{"start":{"line":27,"column":21},"end":{"line":27,"column":42}},"13":{"start":{"line":29,"column":8},"end":{"line":33,"column":null}},"14":{"start":{"line":30,"column":12},"end":{"line":30,"column":25}},"15":{"start":{"line":31,"column":15},"end":{"line":33,"column":null}},"16":{"start":{"line":32,"column":12},"end":{"line":32,"column":25}},"17":{"start":{"line":35,"column":8},"end":{"line":78,"column":null}},"18":{"start":{"line":37,"column":12},"end":{"line":41,"column":null}},"19":{"start":{"line":38,"column":16},"end":{"line":38,"column":76}},"20":{"start":{"line":39,"column":19},"end":{"line":41,"column":null}},"21":{"start":{"line":40,"column":16},"end":{"line":40,"column":76}},"22":{"start":{"line":43,"column":12},"end":{"line":47,"column":null}},"23":{"start":{"line":44,"column":16},"end":{"line":44,"column":54}},"24":{"start":{"line":45,"column":19},"end":{"line":47,"column":null}},"25":{"start":{"line":46,"column":16},"end":{"line":46,"column":54}},"26":{"start":{"line":49,"column":12},"end":{"line":54,"column":null}},"27":{"start":{"line":50,"column":16},"end":{"line":50,"column":38}},"28":{"start":{"line":52,"column":17},"end":{"line":54,"column":null}},"29":{"start":{"line":53,"column":16},"end":{"line":53,"column":38}},"30":{"start":{"line":56,"column":15},"end":{"line":78,"column":null}},"31":{"start":{"line":59,"column":12},"end":{"line":63,"column":null}},"32":{"start":{"line":60,"column":16},"end":{"line":60,"column":77}},"33":{"start":{"line":61,"column":19},"end":{"line":63,"column":null}},"34":{"start":{"line":62,"column":16},"end":{"line":62,"column":77}},"35":{"start":{"line":65,"column":12},"end":{"line":69,"column":null}},"36":{"start":{"line":66,"column":16},"end":{"line":66,"column":56}},"37":{"start":{"line":67,"column":19},"end":{"line":69,"column":null}},"38":{"start":{"line":68,"column":16},"end":{"line":68,"column":56}},"39":{"start":{"line":71,"column":12},"end":{"line":76,"column":null}},"40":{"start":{"line":72,"column":16},"end":{"line":72,"column":38}},"41":{"start":{"line":74,"column":17},"end":{"line":76,"column":null}},"42":{"start":{"line":75,"column":16},"end":{"line":75,"column":38}},"43":{"start":{"line":80,"column":8},"end":{"line":80,"column":20}},"44":{"start":{"line":84,"column":8},"end":{"line":84,"column":68}},"45":{"start":{"line":84,"column":55},"end":{"line":84,"column":68}},"46":{"start":{"line":85,"column":8},"end":{"line":85,"column":77}},"47":{"start":{"line":85,"column":64},"end":{"line":85,"column":77}},"48":{"start":{"line":86,"column":8},"end":{"line":86,"column":20}},"49":{"start":{"line":90,"column":8},"end":{"line":90,"column":88}},"50":{"start":{"line":90,"column":37},"end":{"line":90,"column":88}},"51":{"start":{"line":91,"column":8},"end":{"line":91,"column":53}},"52":{"start":{"line":96,"column":8},"end":{"line":96,"column":88}},"53":{"start":{"line":96,"column":37},"end":{"line":96,"column":88}},"54":{"start":{"line":97,"column":8},"end":{"line":97,"column":55}},"55":{"start":{"line":101,"column":8},"end":{"line":101,"column":52}},"56":{"start":{"line":101,"column":38},"end":{"line":101,"column":52}},"57":{"start":{"line":102,"column":8},"end":{"line":102,"column":51}},"58":{"start":{"line":102,"column":38},"end":{"line":102,"column":51}},"59":{"start":{"line":104,"column":8},"end":{"line":106,"column":null}},"60":{"start":{"line":105,"column":12},"end":{"line":105,"column":25}},"61":{"start":{"line":109,"column":8},"end":{"line":109,"column":51}},"62":{"start":{"line":113,"column":8},"end":{"line":113,"column":77}},"63":{"start":{"line":113,"column":41},"end":{"line":113,"column":77}},"64":{"start":{"line":115,"column":8},"end":{"line":118,"column":null}},"65":{"start":{"line":116,"column":12},"end":{"line":116,"column":34}},"66":{"start":{"line":117,"column":12},"end":{"line":117,"column":19}},"67":{"start":{"line":126,"column":8},"end":{"line":126,"column":55}},"68":{"start":{"line":126,"column":42},"end":{"line":126,"column":55}},"69":{"start":{"line":128,"column":19},"end":{"line":128,"column":40}},"70":{"start":{"line":130,"column":8},"end":{"line":130,"column":53}},"71":{"start":{"line":131,"column":8},"end":{"line":131,"column":36}},"72":{"start":{"line":133,"column":8},"end":{"line":133,"column":20}},"73":{"start":{"line":137,"column":8},"end":{"line":137,"column":75}},"74":{"start":{"line":137,"column":39},"end":{"line":137,"column":75}},"75":{"start":{"line":139,"column":8},"end":{"line":139,"column":null}},"76":{"start":{"line":143,"column":8},"end":{"line":143,"column":51}},"77":{"start":{"line":151,"column":17},"end":{"line":151,"column":74}},"78":{"start":{"line":152,"column":17},"end":{"line":152,"column":77}},"79":{"start":{"line":153,"column":17},"end":{"line":153,"column":74}},"80":{"start":{"line":154,"column":17},"end":{"line":154,"column":79}},"81":{"start":{"line":155,"column":17},"end":{"line":155,"column":85}},"82":{"start":{"line":156,"column":17},"end":{"line":156,"column":76}},"83":{"start":{"line":158,"column":17},"end":{"line":158,"column":71}},"84":{"start":{"line":159,"column":17},"end":{"line":159,"column":77}},"85":{"start":{"line":160,"column":17},"end":{"line":160,"column":81}},"86":{"start":{"line":161,"column":17},"end":{"line":161,"column":81}},"87":{"start":{"line":162,"column":17},"end":{"line":162,"column":81}},"88":{"start":{"line":163,"column":17},"end":{"line":163,"column":76}},"89":{"start":{"line":165,"column":17},"end":{"line":165,"column":77}},"90":{"start":{"line":166,"column":17},"end":{"line":166,"column":77}},"91":{"start":{"line":167,"column":17},"end":{"line":167,"column":79}},"92":{"start":{"line":168,"column":17},"end":{"line":168,"column":81}},"93":{"start":{"line":169,"column":17},"end":{"line":169,"column":76}},"94":{"start":{"line":170,"column":17},"end":{"line":170,"column":76}},"95":{"start":{"line":172,"column":17},"end":{"line":172,"column":71}},"96":{"start":{"line":173,"column":17},"end":{"line":173,"column":77}},"97":{"start":{"line":174,"column":17},"end":{"line":174,"column":81}},"98":{"start":{"line":175,"column":17},"end":{"line":175,"column":81}},"99":{"start":{"line":176,"column":17},"end":{"line":176,"column":81}},"100":{"start":{"line":177,"column":17},"end":{"line":177,"column":76}},"101":{"start":{"line":179,"column":17},"end":{"line":179,"column":75}},"102":{"start":{"line":180,"column":17},"end":{"line":180,"column":77}},"103":{"start":{"line":181,"column":17},"end":{"line":181,"column":76}},"104":{"start":{"line":182,"column":17},"end":{"line":182,"column":79}},"105":{"start":{"line":183,"column":17},"end":{"line":183,"column":85}},"106":{"start":{"line":184,"column":17},"end":{"line":184,"column":76}},"107":{"start":{"line":188,"column":17},"end":{"line":188,"column":75}},"108":{"start":{"line":189,"column":17},"end":{"line":189,"column":84}},"109":{"start":{"line":190,"column":17},"end":{"line":190,"column":78}},"110":{"start":{"line":191,"column":18},"end":{"line":191,"column":74}},"111":{"start":{"line":192,"column":18},"end":{"line":192,"column":77}},"112":{"start":{"line":193,"column":18},"end":{"line":193,"column":73}},"113":{"start":{"line":195,"column":17},"end":{"line":195,"column":75}},"114":{"start":{"line":196,"column":17},"end":{"line":196,"column":81}},"115":{"start":{"line":197,"column":17},"end":{"line":197,"column":80}},"116":{"start":{"line":198,"column":18},"end":{"line":198,"column":82}},"117":{"start":{"line":199,"column":18},"end":{"line":199,"column":77}},"118":{"start":{"line":200,"column":18},"end":{"line":200,"column":71}},"119":{"start":{"line":202,"column":17},"end":{"line":202,"column":75}},"120":{"start":{"line":203,"column":17},"end":{"line":203,"column":75}},"121":{"start":{"line":204,"column":17},"end":{"line":204,"column":81}},"122":{"start":{"line":205,"column":18},"end":{"line":205,"column":79}},"123":{"start":{"line":206,"column":18},"end":{"line":206,"column":77}},"124":{"start":{"line":207,"column":18},"end":{"line":207,"column":77}},"125":{"start":{"line":209,"column":17},"end":{"line":209,"column":75}},"126":{"start":{"line":210,"column":17},"end":{"line":210,"column":81}},"127":{"start":{"line":211,"column":17},"end":{"line":211,"column":80}},"128":{"start":{"line":212,"column":18},"end":{"line":212,"column":82}},"129":{"start":{"line":213,"column":18},"end":{"line":213,"column":77}},"130":{"start":{"line":214,"column":18},"end":{"line":214,"column":71}},"131":{"start":{"line":216,"column":17},"end":{"line":216,"column":75}},"132":{"start":{"line":217,"column":17},"end":{"line":217,"column":84}},"133":{"start":{"line":218,"column":17},"end":{"line":218,"column":78}},"134":{"start":{"line":219,"column":18},"end":{"line":219,"column":76}},"135":{"start":{"line":220,"column":18},"end":{"line":220,"column":77}},"136":{"start":{"line":221,"column":18},"end":{"line":221,"column":74}},"137":{"start":{"line":224,"column":8},"end":{"line":236,"column":34}},"138":{"start":{"line":239,"column":8},"end":{"line":239,"column":40}},"139":{"start":{"line":240,"column":8},"end":{"line":240,"column":36}},"140":{"start":{"line":241,"column":8},"end":{"line":241,"column":42}},"141":{"start":{"line":242,"column":8},"end":{"line":242,"column":36}},"142":{"start":{"line":243,"column":8},"end":{"line":243,"column":42}},"143":{"start":{"line":244,"column":8},"end":{"line":244,"column":36}},"144":{"start":{"line":245,"column":8},"end":{"line":245,"column":42}},"145":{"start":{"line":246,"column":8},"end":{"line":246,"column":36}},"146":{"start":{"line":247,"column":8},"end":{"line":247,"column":38}},"147":{"start":{"line":248,"column":8},"end":{"line":248,"column":36}},"148":{"start":{"line":251,"column":8},"end":{"line":251,"column":40}},"149":{"start":{"line":252,"column":8},"end":{"line":252,"column":42}},"150":{"start":{"line":253,"column":8},"end":{"line":253,"column":38}},"151":{"start":{"line":254,"column":8},"end":{"line":254,"column":42}},"152":{"start":{"line":255,"column":8},"end":{"line":255,"column":46}},"153":{"start":{"line":256,"column":8},"end":{"line":256,"column":42}},"154":{"start":{"line":257,"column":8},"end":{"line":257,"column":38}},"155":{"start":{"line":258,"column":8},"end":{"line":258,"column":42}},"156":{"start":{"line":259,"column":8},"end":{"line":259,"column":34}},"157":{"start":{"line":260,"column":8},"end":{"line":260,"column":41}},"158":{"start":{"line":263,"column":8},"end":{"line":263,"column":36}},"159":{"start":{"line":264,"column":8},"end":{"line":264,"column":42}},"160":{"start":{"line":265,"column":8},"end":{"line":265,"column":62}},"161":{"start":{"line":266,"column":8},"end":{"line":266,"column":36}},"162":{"start":{"line":267,"column":8},"end":{"line":267,"column":46}},"163":{"start":{"line":268,"column":8},"end":{"line":268,"column":36}},"164":{"start":{"line":269,"column":8},"end":{"line":269,"column":62}},"165":{"start":{"line":270,"column":8},"end":{"line":270,"column":36}},"166":{"start":{"line":271,"column":8},"end":{"line":271,"column":34}},"167":{"start":{"line":272,"column":8},"end":{"line":272,"column":42}},"168":{"start":{"line":275,"column":8},"end":{"line":275,"column":42}},"169":{"start":{"line":276,"column":8},"end":{"line":276,"column":42}},"170":{"start":{"line":277,"column":8},"end":{"line":277,"column":46}},"171":{"start":{"line":278,"column":8},"end":{"line":278,"column":36}},"172":{"start":{"line":279,"column":8},"end":{"line":279,"column":62}},"173":{"start":{"line":280,"column":8},"end":{"line":280,"column":36}},"174":{"start":{"line":281,"column":8},"end":{"line":281,"column":46}},"175":{"start":{"line":282,"column":8},"end":{"line":282,"column":36}},"176":{"start":{"line":283,"column":8},"end":{"line":283,"column":42}},"177":{"start":{"line":284,"column":8},"end":{"line":284,"column":42}},"178":{"start":{"line":287,"column":8},"end":{"line":287,"column":34}},"179":{"start":{"line":288,"column":8},"end":{"line":288,"column":42}},"180":{"start":{"line":289,"column":8},"end":{"line":289,"column":62}},"181":{"start":{"line":290,"column":8},"end":{"line":290,"column":36}},"182":{"start":{"line":291,"column":8},"end":{"line":291,"column":46}},"183":{"start":{"line":292,"column":8},"end":{"line":292,"column":36}},"184":{"start":{"line":293,"column":8},"end":{"line":293,"column":62}},"185":{"start":{"line":294,"column":8},"end":{"line":294,"column":36}},"186":{"start":{"line":295,"column":8},"end":{"line":295,"column":34}},"187":{"start":{"line":296,"column":8},"end":{"line":296,"column":42}},"188":{"start":{"line":299,"column":8},"end":{"line":299,"column":34}},"189":{"start":{"line":300,"column":8},"end":{"line":300,"column":46}},"190":{"start":{"line":301,"column":8},"end":{"line":301,"column":34}},"191":{"start":{"line":302,"column":8},"end":{"line":302,"column":42}},"192":{"start":{"line":303,"column":8},"end":{"line":303,"column":34}},"193":{"start":{"line":304,"column":8},"end":{"line":304,"column":46}},"194":{"start":{"line":305,"column":8},"end":{"line":305,"column":34}},"195":{"start":{"line":306,"column":8},"end":{"line":306,"column":42}},"196":{"start":{"line":307,"column":8},"end":{"line":307,"column":34}},"197":{"start":{"line":308,"column":8},"end":{"line":308,"column":46}},"198":{"start":{"line":311,"column":8},"end":{"line":311,"column":34}},"199":{"start":{"line":312,"column":8},"end":{"line":312,"column":46}},"200":{"start":{"line":313,"column":8},"end":{"line":313,"column":34}},"201":{"start":{"line":314,"column":8},"end":{"line":314,"column":42}},"202":{"start":{"line":315,"column":8},"end":{"line":315,"column":42}},"203":{"start":{"line":316,"column":8},"end":{"line":316,"column":46}},"204":{"start":{"line":317,"column":8},"end":{"line":317,"column":34}},"205":{"start":{"line":318,"column":8},"end":{"line":318,"column":42}},"206":{"start":{"line":319,"column":8},"end":{"line":319,"column":34}},"207":{"start":{"line":320,"column":8},"end":{"line":320,"column":46}},"208":{"start":{"line":322,"column":8},"end":{"line":322,"column":34}},"209":{"start":{"line":323,"column":8},"end":{"line":323,"column":42}},"210":{"start":{"line":324,"column":8},"end":{"line":324,"column":62}},"211":{"start":{"line":325,"column":8},"end":{"line":325,"column":36}},"212":{"start":{"line":326,"column":8},"end":{"line":326,"column":46}},"213":{"start":{"line":327,"column":8},"end":{"line":327,"column":36}},"214":{"start":{"line":328,"column":8},"end":{"line":328,"column":62}},"215":{"start":{"line":329,"column":8},"end":{"line":329,"column":36}},"216":{"start":{"line":330,"column":8},"end":{"line":330,"column":34}},"217":{"start":{"line":331,"column":8},"end":{"line":331,"column":42}},"218":{"start":{"line":333,"column":8},"end":{"line":333,"column":43}},"219":{"start":{"line":334,"column":8},"end":{"line":334,"column":43}},"220":{"start":{"line":335,"column":8},"end":{"line":335,"column":47}},"221":{"start":{"line":336,"column":8},"end":{"line":336,"column":36}},"222":{"start":{"line":337,"column":8},"end":{"line":337,"column":65}},"223":{"start":{"line":338,"column":8},"end":{"line":338,"column":36}},"224":{"start":{"line":339,"column":8},"end":{"line":339,"column":47}},"225":{"start":{"line":340,"column":8},"end":{"line":340,"column":36}},"226":{"start":{"line":341,"column":8},"end":{"line":341,"column":43}},"227":{"start":{"line":342,"column":8},"end":{"line":342,"column":43}},"228":{"start":{"line":344,"column":8},"end":{"line":344,"column":36}},"229":{"start":{"line":345,"column":8},"end":{"line":345,"column":44}},"230":{"start":{"line":346,"column":8},"end":{"line":346,"column":68}},"231":{"start":{"line":347,"column":8},"end":{"line":347,"column":37}},"232":{"start":{"line":348,"column":8},"end":{"line":348,"column":50}},"233":{"start":{"line":349,"column":8},"end":{"line":349,"column":37}},"234":{"start":{"line":350,"column":8},"end":{"line":350,"column":68}},"235":{"start":{"line":351,"column":8},"end":{"line":351,"column":37}},"236":{"start":{"line":352,"column":8},"end":{"line":352,"column":36}},"237":{"start":{"line":353,"column":8},"end":{"line":353,"column":44}},"238":{"start":{"line":355,"column":8},"end":{"line":355,"column":46}},"239":{"start":{"line":356,"column":8},"end":{"line":356,"column":45}},"240":{"start":{"line":357,"column":8},"end":{"line":357,"column":41}},"241":{"start":{"line":358,"column":8},"end":{"line":358,"column":45}},"242":{"start":{"line":359,"column":8},"end":{"line":359,"column":41}},"243":{"start":{"line":360,"column":8},"end":{"line":360,"column":45}},"244":{"start":{"line":361,"column":8},"end":{"line":361,"column":41}},"245":{"start":{"line":362,"column":8},"end":{"line":362,"column":45}},"246":{"start":{"line":363,"column":8},"end":{"line":363,"column":41}},"247":{"start":{"line":364,"column":8},"end":{"line":364,"column":45}},"248":{"start":{"line":366,"column":8},"end":{"line":366,"column":41}},"249":{"start":{"line":367,"column":8},"end":{"line":367,"column":37}},"250":{"start":{"line":368,"column":8},"end":{"line":368,"column":46}},"251":{"start":{"line":369,"column":8},"end":{"line":369,"column":37}},"252":{"start":{"line":370,"column":8},"end":{"line":370,"column":46}},"253":{"start":{"line":371,"column":8},"end":{"line":371,"column":37}},"254":{"start":{"line":372,"column":8},"end":{"line":372,"column":46}},"255":{"start":{"line":373,"column":8},"end":{"line":373,"column":37}},"256":{"start":{"line":374,"column":8},"end":{"line":374,"column":41}},"257":{"start":{"line":375,"column":8},"end":{"line":375,"column":37}},"258":{"start":{"line":381,"column":8},"end":{"line":381,"column":24}},"259":{"start":{"line":11,"column":0},"end":{"line":11,"column":13}}},"fnMap":{"0":{"name":"(anonymous_0)","decl":{"start":{"line":14,"column":4},"end":{"line":14,"column":16}},"loc":{"start":{"line":14,"column":40},"end":{"line":20,"column":5}}},"1":{"name":"(anonymous_1)","decl":{"start":{"line":22,"column":4},"end":{"line":22,"column":15}},"loc":{"start":{"line":22,"column":46},"end":{"line":81,"column":5}}},"2":{"name":"(anonymous_2)","decl":{"start":{"line":83,"column":12},"end":{"line":83,"column":25}},"loc":{"start":{"line":83,"column":39},"end":{"line":87,"column":5}}},"3":{"name":"(anonymous_3)","decl":{"start":{"line":89,"column":4},"end":{"line":89,"column":14}},"loc":{"start":{"line":89,"column":43},"end":{"line":92,"column":5}}},"4":{"name":"(anonymous_4)","decl":{"start":{"line":94,"column":4},"end":{"line":94,"column":14}},"loc":{"start":{"line":94,"column":28},"end":{"line":98,"column":5}}},"5":{"name":"(anonymous_5)","decl":{"start":{"line":100,"column":4},"end":{"line":100,"column":15}},"loc":{"start":{"line":100,"column":46},"end":{"line":110,"column":5}}},"6":{"name":"(anonymous_6)","decl":{"start":{"line":112,"column":4},"end":{"line":112,"column":12}},"loc":{"start":{"line":112,"column":43},"end":{"line":123,"column":5}}},"7":{"name":"(anonymous_7)","decl":{"start":{"line":125,"column":4},"end":{"line":125,"column":8}},"loc":{"start":{"line":125,"column":39},"end":{"line":134,"column":5}}},"8":{"name":"(anonymous_8)","decl":{"start":{"line":136,"column":4},"end":{"line":136,"column":12}},"loc":{"start":{"line":136,"column":27},"end":{"line":140,"column":5}}},"9":{"name":"(anonymous_9)","decl":{"start":{"line":142,"column":4},"end":{"line":142,"column":14}},"loc":{"start":{"line":142,"column":14},"end":{"line":144,"column":5}}},"10":{"name":"(anonymous_10)","decl":{"start":{"line":148,"column":12},"end":{"line":148,"column":23}},"loc":{"start":{"line":148,"column":23},"end":{"line":382,"column":5}}}},"branchMap":{"0":{"loc":{"start":{"line":14,"column":16},"end":{"line":14,"column":40}},"type":"default-arg","locations":[{"start":{"line":14,"column":38},"end":{"line":14,"column":40}}]},"1":{"loc":{"start":{"line":15,"column":8},"end":{"line":19,"column":null}},"type":"if","locations":[{"start":{"line":15,"column":8},"end":{"line":19,"column":null}},{"start":{"line":16,"column":13},"end":{"line":19,"column":null}}]},"2":{"loc":{"start":{"line":23,"column":8},"end":{"line":23,"column":90}},"type":"if","locations":[{"start":{"line":23,"column":8},"end":{"line":23,"column":90}}]},"3":{"loc":{"start":{"line":24,"column":8},"end":{"line":24,"column":90}},"type":"if","locations":[{"start":{"line":24,"column":8},"end":{"line":24,"column":90}}]},"4":{"loc":{"start":{"line":29,"column":8},"end":{"line":33,"column":null}},"type":"if","locations":[{"start":{"line":29,"column":8},"end":{"line":33,"column":null}},{"start":{"line":31,"column":15},"end":{"line":33,"column":null}}]},"5":{"loc":{"start":{"line":29,"column":11},"end":{"line":29,"column":68}},"type":"binary-expr","locations":[{"start":{"line":29,"column":11},"end":{"line":29,"column":37}},{"start":{"line":29,"column":41},"end":{"line":29,"column":68}}]},"6":{"loc":{"start":{"line":31,"column":15},"end":{"line":33,"column":null}},"type":"if","locations":[{"start":{"line":31,"column":15},"end":{"line":33,"column":null}}]},"7":{"loc":{"start":{"line":31,"column":18},"end":{"line":31,"column":75}},"type":"binary-expr","locations":[{"start":{"line":31,"column":18},"end":{"line":31,"column":45}},{"start":{"line":31,"column":49},"end":{"line":31,"column":75}}]},"8":{"loc":{"start":{"line":35,"column":8},"end":{"line":78,"column":null}},"type":"if","locations":[{"start":{"line":35,"column":8},"end":{"line":78,"column":null}},{"start":{"line":56,"column":15},"end":{"line":78,"column":null}}]},"9":{"loc":{"start":{"line":37,"column":12},"end":{"line":41,"column":null}},"type":"if","locations":[{"start":{"line":37,"column":12},"end":{"line":41,"column":null}},{"start":{"line":39,"column":19},"end":{"line":41,"column":null}}]},"10":{"loc":{"start":{"line":38,"column":23},"end":{"line":38,"column":75}},"type":"binary-expr","locations":[{"start":{"line":38,"column":23},"end":{"line":38,"column":37}},{"start":{"line":38,"column":42},"end":{"line":38,"column":56}},{"start":{"line":38,"column":60},"end":{"line":38,"column":74}}]},"11":{"loc":{"start":{"line":39,"column":19},"end":{"line":41,"column":null}},"type":"if","locations":[{"start":{"line":39,"column":19},"end":{"line":41,"column":null}}]},"12":{"loc":{"start":{"line":40,"column":23},"end":{"line":40,"column":75}},"type":"binary-expr","locations":[{"start":{"line":40,"column":23},"end":{"line":40,"column":37}},{"start":{"line":40,"column":42},"end":{"line":40,"column":56}},{"start":{"line":40,"column":60},"end":{"line":40,"column":74}}]},"13":{"loc":{"start":{"line":43,"column":12},"end":{"line":47,"column":null}},"type":"if","locations":[{"start":{"line":43,"column":12},"end":{"line":47,"column":null}},{"start":{"line":45,"column":19},"end":{"line":47,"column":null}}]},"14":{"loc":{"start":{"line":44,"column":23},"end":{"line":44,"column":53}},"type":"binary-expr","locations":[{"start":{"line":44,"column":23},"end":{"line":44,"column":36}},{"start":{"line":44,"column":40},"end":{"line":44,"column":53}}]},"15":{"loc":{"start":{"line":45,"column":19},"end":{"line":47,"column":null}},"type":"if","locations":[{"start":{"line":45,"column":19},"end":{"line":47,"column":null}}]},"16":{"loc":{"start":{"line":46,"column":23},"end":{"line":46,"column":53}},"type":"binary-expr","locations":[{"start":{"line":46,"column":23},"end":{"line":46,"column":36}},{"start":{"line":46,"column":40},"end":{"line":46,"column":53}}]},"17":{"loc":{"start":{"line":49,"column":12},"end":{"line":54,"column":null}},"type":"if","locations":[{"start":{"line":49,"column":12},"end":{"line":54,"column":null}},{"start":{"line":52,"column":17},"end":{"line":54,"column":null}}]},"18":{"loc":{"start":{"line":52,"column":17},"end":{"line":54,"column":null}},"type":"if","locations":[{"start":{"line":52,"column":17},"end":{"line":54,"column":null}}]},"19":{"loc":{"start":{"line":56,"column":15},"end":{"line":78,"column":null}},"type":"if","locations":[{"start":{"line":56,"column":15},"end":{"line":78,"column":null}}]},"20":{"loc":{"start":{"line":59,"column":12},"end":{"line":63,"column":null}},"type":"if","locations":[{"start":{"line":59,"column":12},"end":{"line":63,"column":null}},{"start":{"line":61,"column":19},"end":{"line":63,"column":null}}]},"21":{"loc":{"start":{"line":60,"column":23},"end":{"line":60,"column":76}},"type":"binary-expr","locations":[{"start":{"line":60,"column":23},"end":{"line":60,"column":38}},{"start":{"line":60,"column":43},"end":{"line":60,"column":57}},{"start":{"line":60,"column":61},"end":{"line":60,"column":75}}]},"22":{"loc":{"start":{"line":61,"column":19},"end":{"line":63,"column":null}},"type":"if","locations":[{"start":{"line":61,"column":19},"end":{"line":63,"column":null}}]},"23":{"loc":{"start":{"line":62,"column":23},"end":{"line":62,"column":76}},"type":"binary-expr","locations":[{"start":{"line":62,"column":23},"end":{"line":62,"column":38}},{"start":{"line":62,"column":43},"end":{"line":62,"column":57}},{"start":{"line":62,"column":61},"end":{"line":62,"column":75}}]},"24":{"loc":{"start":{"line":65,"column":12},"end":{"line":69,"column":null}},"type":"if","locations":[{"start":{"line":65,"column":12},"end":{"line":69,"column":null}},{"start":{"line":67,"column":19},"end":{"line":69,"column":null}}]},"25":{"loc":{"start":{"line":66,"column":23},"end":{"line":66,"column":55}},"type":"binary-expr","locations":[{"start":{"line":66,"column":23},"end":{"line":66,"column":37}},{"start":{"line":66,"column":41},"end":{"line":66,"column":55}}]},"26":{"loc":{"start":{"line":67,"column":19},"end":{"line":69,"column":null}},"type":"if","locations":[{"start":{"line":67,"column":19},"end":{"line":69,"column":null}}]},"27":{"loc":{"start":{"line":68,"column":23},"end":{"line":68,"column":55}},"type":"binary-expr","locations":[{"start":{"line":68,"column":23},"end":{"line":68,"column":37}},{"start":{"line":68,"column":41},"end":{"line":68,"column":55}}]},"28":{"loc":{"start":{"line":71,"column":12},"end":{"line":76,"column":null}},"type":"if","locations":[{"start":{"line":71,"column":12},"end":{"line":76,"column":null}},{"start":{"line":74,"column":17},"end":{"line":76,"column":null}}]},"29":{"loc":{"start":{"line":74,"column":17},"end":{"line":76,"column":null}},"type":"if","locations":[{"start":{"line":74,"column":17},"end":{"line":76,"column":null}}]},"30":{"loc":{"start":{"line":84,"column":8},"end":{"line":84,"column":68}},"type":"if","locations":[{"start":{"line":84,"column":8},"end":{"line":84,"column":68}}]},"31":{"loc":{"start":{"line":84,"column":11},"end":{"line":84,"column":53}},"type":"binary-expr","locations":[{"start":{"line":84,"column":11},"end":{"line":84,"column":22}},{"start":{"line":84,"column":26},"end":{"line":84,"column":53}}]},"32":{"loc":{"start":{"line":85,"column":8},"end":{"line":85,"column":77}},"type":"if","locations":[{"start":{"line":85,"column":8},"end":{"line":85,"column":77}}]},"33":{"loc":{"start":{"line":85,"column":11},"end":{"line":85,"column":62}},"type":"binary-expr","locations":[{"start":{"line":85,"column":11},"end":{"line":85,"column":22}},{"start":{"line":85,"column":26},"end":{"line":85,"column":62}}]},"34":{"loc":{"start":{"line":90,"column":8},"end":{"line":90,"column":88}},"type":"if","locations":[{"start":{"line":90,"column":8},"end":{"line":90,"column":88}}]},"35":{"loc":{"start":{"line":96,"column":8},"end":{"line":96,"column":88}},"type":"if","locations":[{"start":{"line":96,"column":8},"end":{"line":96,"column":88}}]},"36":{"loc":{"start":{"line":101,"column":8},"end":{"line":101,"column":52}},"type":"if","locations":[{"start":{"line":101,"column":8},"end":{"line":101,"column":52}}]},"37":{"loc":{"start":{"line":102,"column":8},"end":{"line":102,"column":51}},"type":"if","locations":[{"start":{"line":102,"column":8},"end":{"line":102,"column":51}}]},"38":{"loc":{"start":{"line":104,"column":8},"end":{"line":106,"column":null}},"type":"if","locations":[{"start":{"line":104,"column":8},"end":{"line":106,"column":null}}]},"39":{"loc":{"start":{"line":113,"column":8},"end":{"line":113,"column":77}},"type":"if","locations":[{"start":{"line":113,"column":8},"end":{"line":113,"column":77}}]},"40":{"loc":{"start":{"line":115,"column":8},"end":{"line":118,"column":null}},"type":"if","locations":[{"start":{"line":115,"column":8},"end":{"line":118,"column":null}}]},"41":{"loc":{"start":{"line":126,"column":8},"end":{"line":126,"column":55}},"type":"if","locations":[{"start":{"line":126,"column":8},"end":{"line":126,"column":55}}]},"42":{"loc":{"start":{"line":137,"column":8},"end":{"line":137,"column":75}},"type":"if","locations":[{"start":{"line":137,"column":8},"end":{"line":137,"column":75}}]}},"s":{"0":1,"1":1,"2":1,"3":1,"4":11,"5":11,"6":0,"7":29,"8":0,"9":29,"10":0,"11":29,"12":29,"13":29,"14":3,"15":26,"16":3,"17":23,"18":9,"19":2,"20":7,"21":2,"22":5,"23":3,"24":2,"25":2,"26":0,"27":0,"28":0,"29":0,"30":14,"31":14,"32":0,"33":14,"34":1,"35":13,"36":6,"37":7,"38":0,"39":7,"40":3,"41":4,"42":1,"43":3,"44":239,"45":6,"46":233,"47":2,"48":231,"49":5,"50":4,"51":1,"52":176,"53":4,"54":172,"55":0,"56":0,"57":0,"58":0,"59":0,"60":0,"61":0,"62":0,"63":0,"64":0,"65":0,"66":0,"67":0,"68":0,"69":0,"70":0,"71":0,"72":0,"73":0,"74":0,"75":0,"76":0,"77":11,"78":11,"79":11,"80":11,"81":11,"82":11,"83":11,"84":11,"85":11,"86":11,"87":11,"88":11,"89":11,"90":11,"91":11,"92":11,"93":11,"94":11,"95":11,"96":11,"97":11,"98":11,"99":11,"100":11,"101":11,"102":11,"103":11,"104":11,"105":11,"106":11,"107":11,"108":11,"109":11,"110":11,"111":11,"112":11,"113":11,"114":11,"115":11,"116":11,"117":11,"118":11,"119":11,"120":11,"121":11,"122":11,"123":11,"124":11,"125":11,"126":11,"127":11,"128":11,"129":11,"130":11,"131":11,"132":11,"133":11,"134":11,"135":11,"136":11,"137":11,"138":11,"139":11,"140":11,"141":11,"142":11,"143":11,"144":11,"145":11,"146":11,"147":11,"148":11,"149":11,"150":11,"151":11,"152":11,"153":11,"154":11,"155":11,"156":11,"157":11,"158":11,"159":11,"160":11,"161":11,"162":11,"163":11,"164":11,"165":11,"166":11,"167":11,"168":11,"169":11,"170":11,"171":11,"172":11,"173":11,"174":11,"175":11,"176":11,"177":11,"178":11,"179":11,"180":11,"181":11,"182":11,"183":11,"184":11,"185":11,"186":11,"187":11,"188":11,"189":11,"190":11,"191":11,"192":11,"193":11,"194":11,"195":11,"196":11,"197":11,"198":11,"199":11,"200":11,"201":11,"202":11,"203":11,"204":11,"205":11,"206":11,"207":11,"208":11,"209":11,"210":11,"211":11,"212":11,"213":11,"214":11,"215":11,"216":11,"217":11,"218":11,"219":11,"220":11,"221":11,"222":11,"223":11,"224":11,"225":11,"226":11,"227":11,"228":11,"229":11,"230":11,"231":11,"232":11,"233":11,"234":11,"235":11,"236":11,"237":11,"238":11,"239":11,"240":11,"241":11,"242":11,"243":11,"244":11,"245":11,"246":11,"247":11,"248":11,"249":11,"250":11,"251":11,"252":11,"253":11,"254":11,"255":11,"256":11,"257":11,"258":11,"259":1},"f":{"0":11,"1":29,"2":239,"3":5,"4":176,"5":0,"6":0,"7":0,"8":0,"9":0,"10":11},"b":{"0":[11],"1":[11,0],"2":[0],"3":[0],"4":[3,26],"5":[29,12],"6":[3],"7":[26,17],"8":[9,14],"9":[2,7],"10":[2,1,1],"11":[2],"12":[2,1,1],"13":[3,2],"14":[3,2],"15":[2],"16":[2,2],"17":[0,0],"18":[0],"19":[14],"20":[0,14],"21":[0,0,0],"22":[1],"23":[1,1,1],"24":[6,7],"25":[6,2],"26":[0],"27":[0,0],"28":[3,4],"29":[1],"30":[6],"31":[239,235],"32":[2],"33":[233,231],"34":[4],"35":[4],"36":[0],"37":[0],"38":[0],"39":[0],"40":[0],"41":[0],"42":[0]}}
,"C:\\Users\\antho\\OneDrive\\Documents\\junqi-server\\models\\Piece.ts": {"path":"C:\\Users\\antho\\OneDrive\\Documents\\junqi-server\\models\\Piece.ts","statementMap":{"0":{"start":{"line":6,"column":8},"end":{"line":6,"column":22}},"1":{"start":{"line":7,"column":8},"end":{"line":7,"column":23}},"2":{"start":{"line":14,"column":8},"end":{"line":14,"column":48}},"3":{"start":{"line":14,"column":36},"end":{"line":14,"column":48}},"4":{"start":{"line":15,"column":8},"end":{"line":15,"column":53}},"5":{"start":{"line":4,"column":0},"end":{"line":4,"column":13}}},"fnMap":{"0":{"name":"(anonymous_0)","decl":{"start":{"line":5,"column":4},"end":{"line":5,"column":16}},"loc":{"start":{"line":5,"column":32},"end":{"line":8,"column":5}}},"1":{"name":"(anonymous_1)","decl":{"start":{"line":13,"column":4},"end":{"line":13,"column":19}},"loc":{"start":{"line":13,"column":33},"end":{"line":16,"column":5}}}},"branchMap":{"0":{"loc":{"start":{"line":14,"column":8},"end":{"line":14,"column":48}},"type":"if","locations":[{"start":{"line":14,"column":8},"end":{"line":14,"column":48}}]},"1":{"loc":{"start":{"line":15,"column":15},"end":{"line":15,"column":52}},"type":"cond-expr","locations":[{"start":{"line":15,"column":40},"end":{"line":15,"column":44}},{"start":{"line":15,"column":47},"end":{"line":15,"column":52}}]}},"s":{"0":684,"1":684,"2":0,"3":0,"4":0,"5":1},"f":{"0":684,"1":0},"b":{"0":[0],"1":[0,0]}}
,"C:\\Users\\antho\\OneDrive\\Documents\\junqi-server\\models\\Position.ts": {"path":"C:\\Users\\antho\\OneDrive\\Documents\\junqi-server\\models\\Position.ts","statementMap":{"0":{"start":{"line":6,"column":8},"end":{"line":6,"column":23}},"1":{"start":{"line":7,"column":8},"end":{"line":7,"column":23}},"2":{"start":{"line":1,"column":0},"end":{"line":1,"column":13}}},"fnMap":{"0":{"name":"(anonymous_0)","decl":{"start":{"line":5,"column":4},"end":{"line":5,"column":16}},"loc":{"start":{"line":5,"column":40},"end":{"line":8,"column":5}}}},"branchMap":{},"s":{"0":181,"1":181,"2":1},"f":{"0":181},"b":{}}
,"C:\\Users\\antho\\OneDrive\\Documents\\junqi-server\\models\\Tile.ts": {"path":"C:\\Users\\antho\\OneDrive\\Documents\\junqi-server\\models\\Tile.ts","statementMap":{"0":{"start":{"line":12,"column":8},"end":{"line":12,"column":27}},"1":{"start":{"line":13,"column":8},"end":{"line":13,"column":33}},"2":{"start":{"line":14,"column":8},"end":{"line":14,"column":36}},"3":{"start":{"line":15,"column":8},"end":{"line":15,"column":32}},"4":{"start":{"line":19,"column":8},"end":{"line":19,"column":27}},"5":{"start":{"line":23,"column":8},"end":{"line":23,"column":29}},"6":{"start":{"line":27,"column":8},"end":{"line":27,"column":26}},"7":{"start":{"line":31,"column":8},"end":{"line":31,"column":43}},"8":{"start":{"line":35,"column":8},"end":{"line":35,"column":39}},"9":{"start":{"line":4,"column":0},"end":{"line":4,"column":13}},"10":{"start":{"line":40,"column":0},"end":{"line":40,"column":null}},"11":{"start":{"line":41,"column":4},"end":{"line":41,"column":null}},"12":{"start":{"line":42,"column":4},"end":{"line":42,"column":null}},"13":{"start":{"line":43,"column":4},"end":{"line":43,"column":null}}},"fnMap":{"0":{"name":"(anonymous_0)","decl":{"start":{"line":11,"column":4},"end":{"line":11,"column":16}},"loc":{"start":{"line":11,"column":49},"end":{"line":16,"column":5}}},"1":{"name":"(anonymous_1)","decl":{"start":{"line":18,"column":4},"end":{"line":18,"column":12}},"loc":{"start":{"line":18,"column":26},"end":{"line":20,"column":5}}},"2":{"name":"(anonymous_2)","decl":{"start":{"line":22,"column":4},"end":{"line":22,"column":15}},"loc":{"start":{"line":22,"column":15},"end":{"line":24,"column":5}}},"3":{"name":"(anonymous_3)","decl":{"start":{"line":26,"column":4},"end":{"line":26,"column":12}},"loc":{"start":{"line":26,"column":12},"end":{"line":28,"column":5}}},"4":{"name":"(anonymous_4)","decl":{"start":{"line":30,"column":4},"end":{"line":30,"column":24}},"loc":{"start":{"line":30,"column":42},"end":{"line":32,"column":5}}},"5":{"name":"(anonymous_5)","decl":{"start":{"line":34,"column":4},"end":{"line":34,"column":20}},"loc":{"start":{"line":34,"column":38},"end":{"line":36,"column":5}}},"6":{"name":"(anonymous_6)","decl":{"start":{"line":40,"column":0},"end":{"line":40,"column":12}},"loc":{"start":{"line":40,"column":20},"end":{"line":44,"column":1}}}},"branchMap":{"0":{"loc":{"start":{"line":40,"column":12},"end":{"line":40,"column":null}},"type":"binary-expr","locations":[{"start":{"line":40,"column":12},"end":{"line":40,"column":20}},{"start":{"line":40,"column":12},"end":{"line":40,"column":null}}]}},"s":{"0":660,"1":660,"2":660,"3":660,"4":1,"5":0,"6":172,"7":660,"8":660,"9":1,"10":1,"11":1,"12":1,"13":1},"f":{"0":660,"1":1,"2":0,"3":172,"4":660,"5":660,"6":1},"b":{"0":[1,1]}}
,"C:\\Users\\antho\\OneDrive\\Documents\\junqi-server\\models\\interfaces\\IBoard.ts": {"path":"C:\\Users\\antho\\OneDrive\\Documents\\junqi-server\\models\\interfaces\\IBoard.ts","statementMap":{"0":{"start":{"line":2,"column":0},"end":{"line":2,"column":45}},"1":{"start":{"line":4,"column":0},"end":{"line":4,"column":34}},"2":{"start":{"line":22,"column":13},"end":{"line":24,"column":null}}},"fnMap":{},"branchMap":{},"s":{"0":1,"1":1,"2":1},"f":{},"b":{}}
,"C:\\Users\\antho\\OneDrive\\Documents\\junqi-server\\models\\interfaces\\IJunqiGame.ts": {"path":"C:\\Users\\antho\\OneDrive\\Documents\\junqi-server\\models\\interfaces\\IJunqiGame.ts","statementMap":{"0":{"start":{"line":3,"column":0},"end":{"line":3,"column":48}},"1":{"start":{"line":4,"column":0},"end":{"line":4,"column":54}},"2":{"start":{"line":23,"column":13},"end":{"line":29,"column":3}},"3":{"start":{"line":31,"column":0},"end":{"line":31,"column":78}},"4":{"start":{"line":33,"column":0},"end":{"line":33,"column":null}},"5":{"start":{"line":34,"column":4},"end":{"line":34,"column":null}},"6":{"start":{"line":35,"column":4},"end":{"line":35,"column":null}},"7":{"start":{"line":36,"column":4},"end":{"line":36,"column":null}}},"fnMap":{"0":{"name":"(anonymous_6)","decl":{"start":{"line":33,"column":0},"end":{"line":33,"column":12}},"loc":{"start":{"line":33,"column":16},"end":{"line":37,"column":1}}}},"branchMap":{"0":{"loc":{"start":{"line":33,"column":12},"end":{"line":33,"column":null}},"type":"binary-expr","locations":[{"start":{"line":33,"column":12},"end":{"line":33,"column":16}},{"start":{"line":33,"column":12},"end":{"line":33,"column":null}}]}},"s":{"0":1,"1":1,"2":1,"3":1,"4":1,"5":1,"6":1,"7":1},"f":{"0":1},"b":{"0":[1,1]}}
,"C:\\Users\\antho\\OneDrive\\Documents\\junqi-server\\models\\interfaces\\IPiece.ts": {"path":"C:\\Users\\antho\\OneDrive\\Documents\\junqi-server\\models\\interfaces\\IPiece.ts","statementMap":{"0":{"start":{"line":2,"column":0},"end":{"line":2,"column":34}},"1":{"start":{"line":11,"column":0},"end":{"line":11,"column":null}},"2":{"start":{"line":12,"column":4},"end":{"line":12,"column":null}},"3":{"start":{"line":13,"column":4},"end":{"line":13,"column":null}},"4":{"start":{"line":14,"column":4},"end":{"line":14,"column":null}},"5":{"start":{"line":15,"column":4},"end":{"line":15,"column":null}},"6":{"start":{"line":16,"column":4},"end":{"line":16,"column":null}},"7":{"start":{"line":17,"column":4},"end":{"line":17,"column":null}},"8":{"start":{"line":18,"column":4},"end":{"line":18,"column":null}},"9":{"start":{"line":19,"column":4},"end":{"line":19,"column":null}},"10":{"start":{"line":20,"column":4},"end":{"line":20,"column":null}},"11":{"start":{"line":21,"column":4},"end":{"line":21,"column":null}},"12":{"start":{"line":22,"column":4},"end":{"line":22,"column":null}},"13":{"start":{"line":23,"column":4},"end":{"line":23,"column":null}},"14":{"start":{"line":24,"column":4},"end":{"line":24,"column":null}},"15":{"start":{"line":27,"column":13},"end":{"line":30,"column":3}}},"fnMap":{"0":{"name":"(anonymous_0)","decl":{"start":{"line":11,"column":0},"end":{"line":11,"column":12}},"loc":{"start":{"line":11,"column":16},"end":{"line":25,"column":1}}}},"branchMap":{"0":{"loc":{"start":{"line":11,"column":12},"end":{"line":11,"column":null}},"type":"binary-expr","locations":[{"start":{"line":11,"column":12},"end":{"line":11,"column":16}},{"start":{"line":11,"column":12},"end":{"line":11,"column":null}}]}},"s":{"0":1,"1":1,"2":1,"3":1,"4":1,"5":1,"6":1,"7":1,"8":1,"9":1,"10":1,"11":1,"12":1,"13":1,"14":1,"15":1},"f":{"0":1},"b":{"0":[1,1]}}
,"C:\\Users\\antho\\OneDrive\\Documents\\junqi-server\\models\\interfaces\\ITile.ts": {"path":"C:\\Users\\antho\\OneDrive\\Documents\\junqi-server\\models\\interfaces\\ITile.ts","statementMap":{"0":{"start":{"line":2,"column":0},"end":{"line":2,"column":48}},"1":{"start":{"line":3,"column":0},"end":{"line":3,"column":34}},"2":{"start":{"line":14,"column":13},"end":{"line":17,"column":null}}},"fnMap":{},"branchMap":{},"s":{"0":1,"1":1,"2":1},"f":{},"b":{}}
}
