TN:
SF:models\JunqiBoard.ts
FN:14,(anonymous_0)
FN:22,(anonymous_1)
FN:83,(anonymous_2)
FN:89,(anonymous_3)
FN:94,(anonymous_4)
FN:100,(anonymous_5)
FN:112,(anonymous_6)
FN:125,(anonymous_7)
FN:136,(anonymous_8)
FN:142,(anonymous_9)
FN:148,(anonymous_10)
FNF:11
FNH:6
FNDA:11,(anonymous_0)
FNDA:29,(anonymous_1)
FNDA:239,(anonymous_2)
FNDA:5,(anonymous_3)
FNDA:176,(anonymous_4)
FNDA:0,(anonymous_5)
FNDA:0,(anonymous_6)
FNDA:0,(anonymous_7)
FNDA:0,(anonymous_8)
FNDA:0,(anonymous_9)
FNDA:11,(anonymous_10)
DA:4,1
DA:5,1
DA:7,1
DA:9,1
DA:11,1
DA:15,11
DA:18,0
DA:23,29
DA:24,29
DA:26,29
DA:27,29
DA:29,29
DA:30,3
DA:31,26
DA:32,3
DA:35,23
DA:37,9
DA:38,2
DA:39,7
DA:40,2
DA:43,5
DA:44,3
DA:45,2
DA:46,2
DA:49,0
DA:50,0
DA:52,0
DA:53,0
DA:56,14
DA:59,14
DA:60,0
DA:61,14
DA:62,1
DA:65,13
DA:66,6
DA:67,7
DA:68,0
DA:71,7
DA:72,3
DA:74,4
DA:75,1
DA:80,3
DA:84,239
DA:85,233
DA:86,231
DA:90,5
DA:91,1
DA:96,176
DA:97,172
DA:101,0
DA:102,0
DA:104,0
DA:105,0
DA:109,0
DA:113,0
DA:115,0
DA:116,0
DA:117,0
DA:126,0
DA:128,0
DA:130,0
DA:131,0
DA:133,0
DA:137,0
DA:139,0
DA:143,0
DA:151,11
DA:152,11
DA:153,11
DA:154,11
DA:155,11
DA:156,11
DA:158,11
DA:159,11
DA:160,11
DA:161,11
DA:162,11
DA:163,11
DA:165,11
DA:166,11
DA:167,11
DA:168,11
DA:169,11
DA:170,11
DA:172,11
DA:173,11
DA:174,11
DA:175,11
DA:176,11
DA:177,11
DA:179,11
DA:180,11
DA:181,11
DA:182,11
DA:183,11
DA:184,11
DA:188,11
DA:189,11
DA:190,11
DA:191,11
DA:192,11
DA:193,11
DA:195,11
DA:196,11
DA:197,11
DA:198,11
DA:199,11
DA:200,11
DA:202,11
DA:203,11
DA:204,11
DA:205,11
DA:206,11
DA:207,11
DA:209,11
DA:210,11
DA:211,11
DA:212,11
DA:213,11
DA:214,11
DA:216,11
DA:217,11
DA:218,11
DA:219,11
DA:220,11
DA:221,11
DA:224,11
DA:239,11
DA:240,11
DA:241,11
DA:242,11
DA:243,11
DA:244,11
DA:245,11
DA:246,11
DA:247,11
DA:248,11
DA:251,11
DA:252,11
DA:253,11
DA:254,11
DA:255,11
DA:256,11
DA:257,11
DA:258,11
DA:259,11
DA:260,11
DA:263,11
DA:264,11
DA:265,11
DA:266,11
DA:267,11
DA:268,11
DA:269,11
DA:270,11
DA:271,11
DA:272,11
DA:275,11
DA:276,11
DA:277,11
DA:278,11
DA:279,11
DA:280,11
DA:281,11
DA:282,11
DA:283,11
DA:284,11
DA:287,11
DA:288,11
DA:289,11
DA:290,11
DA:291,11
DA:292,11
DA:293,11
DA:294,11
DA:295,11
DA:296,11
DA:299,11
DA:300,11
DA:301,11
DA:302,11
DA:303,11
DA:304,11
DA:305,11
DA:306,11
DA:307,11
DA:308,11
DA:311,11
DA:312,11
DA:313,11
DA:314,11
DA:315,11
DA:316,11
DA:317,11
DA:318,11
DA:319,11
DA:320,11
DA:322,11
DA:323,11
DA:324,11
DA:325,11
DA:326,11
DA:327,11
DA:328,11
DA:329,11
DA:330,11
DA:331,11
DA:333,11
DA:334,11
DA:335,11
DA:336,11
DA:337,11
DA:338,11
DA:339,11
DA:340,11
DA:341,11
DA:342,11
DA:344,11
DA:345,11
DA:346,11
DA:347,11
DA:348,11
DA:349,11
DA:350,11
DA:351,11
DA:352,11
DA:353,11
DA:355,11
DA:356,11
DA:357,11
DA:358,11
DA:359,11
DA:360,11
DA:361,11
DA:362,11
DA:363,11
DA:364,11
DA:366,11
DA:367,11
DA:368,11
DA:369,11
DA:370,11
DA:371,11
DA:372,11
DA:373,11
DA:374,11
DA:375,11
DA:381,11
LF:248
LH:224
BRDA:14,0,0,11
BRDA:15,1,0,11
BRDA:15,1,1,0
BRDA:23,2,0,0
BRDA:24,3,0,0
BRDA:29,4,0,3
BRDA:29,4,1,26
BRDA:29,5,0,29
BRDA:29,5,1,12
BRDA:31,6,0,3
BRDA:31,7,0,26
BRDA:31,7,1,17
BRDA:35,8,0,9
BRDA:35,8,1,14
BRDA:37,9,0,2
BRDA:37,9,1,7
BRDA:38,10,0,2
BRDA:38,10,1,1
BRDA:38,10,2,1
BRDA:39,11,0,2
BRDA:40,12,0,2
BRDA:40,12,1,1
BRDA:40,12,2,1
BRDA:43,13,0,3
BRDA:43,13,1,2
BRDA:44,14,0,3
BRDA:44,14,1,2
BRDA:45,15,0,2
BRDA:46,16,0,2
BRDA:46,16,1,2
BRDA:49,17,0,0
BRDA:49,17,1,0
BRDA:52,18,0,0
BRDA:56,19,0,14
BRDA:59,20,0,0
BRDA:59,20,1,14
BRDA:60,21,0,0
BRDA:60,21,1,0
BRDA:60,21,2,0
BRDA:61,22,0,1
BRDA:62,23,0,1
BRDA:62,23,1,1
BRDA:62,23,2,1
BRDA:65,24,0,6
BRDA:65,24,1,7
BRDA:66,25,0,6
BRDA:66,25,1,2
BRDA:67,26,0,0
BRDA:68,27,0,0
BRDA:68,27,1,0
BRDA:71,28,0,3
BRDA:71,28,1,4
BRDA:74,29,0,1
BRDA:84,30,0,6
BRDA:84,31,0,239
BRDA:84,31,1,235
BRDA:85,32,0,2
BRDA:85,33,0,233
BRDA:85,33,1,231
BRDA:90,34,0,4
BRDA:96,35,0,4
BRDA:101,36,0,0
BRDA:102,37,0,0
BRDA:104,38,0,0
BRDA:113,39,0,0
BRDA:115,40,0,0
BRDA:126,41,0,0
BRDA:137,42,0,0
BRF:68
BRH:48
end_of_record
TN:
SF:models\Piece.ts
FN:5,(anonymous_0)
FN:13,(anonymous_1)
FNF:2
FNH:1
FNDA:684,(anonymous_0)
FNDA:0,(anonymous_1)
DA:4,1
DA:6,684
DA:7,684
DA:14,0
DA:15,0
LF:5
LH:3
BRDA:14,0,0,0
BRDA:15,1,0,0
BRDA:15,1,1,0
BRF:3
BRH:0
end_of_record
TN:
SF:models\Position.ts
FN:5,(anonymous_0)
FNF:1
FNH:1
FNDA:181,(anonymous_0)
DA:1,1
DA:6,181
DA:7,181
LF:3
LH:3
BRF:0
BRH:0
end_of_record
TN:
SF:models\Tile.ts
FN:11,(anonymous_0)
FN:18,(anonymous_1)
FN:22,(anonymous_2)
FN:26,(anonymous_3)
FN:30,(anonymous_4)
FN:34,(anonymous_5)
FN:40,(anonymous_6)
FNF:7
FNH:6
FNDA:660,(anonymous_0)
FNDA:1,(anonymous_1)
FNDA:0,(anonymous_2)
FNDA:172,(anonymous_3)
FNDA:660,(anonymous_4)
FNDA:660,(anonymous_5)
FNDA:1,(anonymous_6)
DA:4,1
DA:12,660
DA:13,660
DA:14,660
DA:15,660
DA:19,1
DA:23,0
DA:27,172
DA:31,660
DA:35,660
DA:40,1
DA:41,1
DA:42,1
DA:43,1
LF:14
LH:13
BRDA:40,0,0,1
BRDA:40,0,1,1
BRF:2
BRH:2
end_of_record
TN:
SF:models\interfaces\IBoard.ts
FNF:0
FNH:0
DA:2,1
DA:4,1
DA:22,1
LF:3
LH:3
BRF:0
BRH:0
end_of_record
TN:
SF:models\interfaces\IJunqiGame.ts
FN:33,(anonymous_6)
FNF:1
FNH:1
FNDA:1,(anonymous_6)
DA:3,1
DA:4,1
DA:23,1
DA:31,1
DA:33,1
DA:34,1
DA:35,1
DA:36,1
LF:8
LH:8
BRDA:33,0,0,1
BRDA:33,0,1,1
BRF:2
BRH:2
end_of_record
TN:
SF:models\interfaces\IPiece.ts
FN:11,(anonymous_0)
FNF:1
FNH:1
FNDA:1,(anonymous_0)
DA:2,1
DA:11,1
DA:12,1
DA:13,1
DA:14,1
DA:15,1
DA:16,1
DA:17,1
DA:18,1
DA:19,1
DA:20,1
DA:21,1
DA:22,1
DA:23,1
DA:24,1
DA:27,1
LF:16
LH:16
BRDA:11,0,0,1
BRDA:11,0,1,1
BRF:2
BRH:2
end_of_record
TN:
SF:models\interfaces\ITile.ts
FNF:0
FNH:0
DA:2,1
DA:3,1
DA:14,1
LF:3
LH:3
BRF:0
BRH:0
end_of_record
